Performing C SOURCE FILE Test CMAKE_HAVE_LIBC_PTHREAD failed with the following output:
Change Dir: /home/tt2468/obs-ndi/build_linux-x86_64/CMakeFiles/CMakeTmp

Run Build Command(s):/usr/bin/ninja cmTC_90b55 && [1/2] Building C object CMakeFiles/cmTC_90b55.dir/src.c.o
[2/2] Linking C executable cmTC_90b55
FAILED: cmTC_90b55 
: && /usr/bin/cc   CMakeFiles/cmTC_90b55.dir/src.c.o -o cmTC_90b55   && :
/usr/bin/ld: CMakeFiles/cmTC_90b55.dir/src.c.o: in function `main':
src.c:(.text+0x46): undefined reference to `pthread_create'
/usr/bin/ld: src.c:(.text+0x52): undefined reference to `pthread_detach'
/usr/bin/ld: src.c:(.text+0x5e): undefined reference to `pthread_cancel'
/usr/bin/ld: src.c:(.text+0x6f): undefined reference to `pthread_join'
collect2: error: ld returned 1 exit status
ninja: build stopped: subcommand failed.


Source file was:
#include <pthread.h>

static void* test_func(void* data)
{
  return data;
}

int main(void)
{
  pthread_t thread;
  pthread_create(&thread, NULL, test_func, NULL);
  pthread_detach(thread);
  pthread_cancel(thread);
  pthread_join(thread, NULL);
  pthread_atfork(NULL, NULL, NULL);
  pthread_exit(NULL);

  return 0;
}

Determining if the function pthread_create exists in the pthreads failed with the following output:
Change Dir: /home/tt2468/obs-ndi/build_linux-x86_64/CMakeFiles/CMakeTmp

Run Build Command(s):/usr/bin/ninja cmTC_cfcc9 && [1/2] Building C object CMakeFiles/cmTC_cfcc9.dir/CheckFunctionExists.c.o
[2/2] Linking C executable cmTC_cfcc9
FAILED: cmTC_cfcc9 
: && /usr/bin/cc -DCHECK_FUNCTION_EXISTS=pthread_create  CMakeFiles/cmTC_cfcc9.dir/CheckFunctionExists.c.o -o cmTC_cfcc9  -lpthreads && :
/usr/bin/ld: cannot find -lpthreads
collect2: error: ld returned 1 exit status
ninja: build stopped: subcommand failed.



